2014-07-15 14:41:30.853 Freshly[31578:70b] Multi-tasking -> Device: YES, App: YES
2014-07-15 14:41:30.899 Freshly[31578:70b] Unlimited access to network resources
2014-07-15 14:41:30.945 Freshly[31578:70b] [CDVTimer][keyboard] 0.081003ms
2014-07-15 14:41:30.950 Freshly[31578:70b] CDVPlugin class CDVStatusBar (pluginName: statusbar) does not exist.
2014-07-15 14:41:30.960 Freshly[31578:70b] [CDVTimer][statusbar] 10.040998ms
2014-07-15 14:41:30.962 Freshly[31578:70b] [CDVTimer][TotalPluginStartup] 16.602039ms
2014-07-15 14:41:31.120 Freshly[31578:70b] Resetting plugins due to page load.
2014-07-15 14:41:31.548 Freshly[31578:70b] Finished load of: file:///Users/jasenlew/Library/Application%20Support/iPhone%20Simulator/7.1/Applications/561A076D-7A6E-412F-A42F-65E53BA048A7/Freshly.app/www/index.html#/app/map
2014-07-15 16:44:09.859 Freshly[74343:70b] Multi-tasking -> Device: YES, App: YES
2014-07-15 16:44:09.896 Freshly[74343:70b] Unlimited access to network resources
2014-07-15 16:44:10.035 Freshly[74343:70b] [CDVTimer][keyboard] 0.055969ms
2014-07-15 16:44:10.035 Freshly[74343:70b] CDVPlugin class CDVStatusBar (pluginName: statusbar) does not exist.
2014-07-15 16:44:10.036 Freshly[74343:70b] [CDVTimer][statusbar] 0.555038ms
2014-07-15 16:44:10.036 Freshly[74343:70b] [CDVTimer][TotalPluginStartup] 1.441002ms
2014-07-15 16:44:10.167 Freshly[74343:70b] Resetting plugins due to page load.
2014-07-15 16:44:10.748 Freshly[74343:70b] Finished load of: file:///Users/jasenlew/Library/Application%20Support/iPhone%20Simulator/7.1/Applications/561A076D-7A6E-412F-A42F-65E53BA048A7/Freshly.app/www/index.html#/app/map
2014-07-15 16:44:14.424 Freshly[74343:70b] Camera.getPicture: source type 1 not available.
2014-07-15 19:03:35.111 Freshly[30517:70b] Multi-tasking -> Device: YES, App: YES
2014-07-15 19:03:35.155 Freshly[30517:70b] Unlimited access to network resources
2014-07-15 19:03:35.290 Freshly[30517:70b] [CDVTimer][keyboard] 0.055015ms
2014-07-15 19:03:35.290 Freshly[30517:70b] CDVPlugin class CDVStatusBar (pluginName: statusbar) does not exist.
2014-07-15 19:03:35.290 Freshly[30517:70b] [CDVTimer][statusbar] 0.303984ms
2014-07-15 19:03:35.291 Freshly[30517:70b] [CDVTimer][TotalPluginStartup] 0.970006ms
2014-07-15 19:03:35.413 Freshly[30517:70b] Resetting plugins due to page load.
2014-07-15 19:03:35.859 Freshly[30517:70b] Finished load of: file:///Users/jasenlew/Library/Application%20Support/iPhone%20Simulator/7.1/Applications/561A076D-7A6E-412F-A42F-65E53BA048A7/Freshly.app/www/index.html#/app/map
2014-07-16 11:51:31.778 Freshly[24620:70b] Multi-tasking -> Device: YES, App: YES
2014-07-16 11:51:31.823 Freshly[24620:70b] Unlimited access to network resources
2014-07-16 11:51:31.973 Freshly[24620:70b] [CDVTimer][keyboard] 0.061989ms
2014-07-16 11:51:31.974 Freshly[24620:70b] CDVPlugin class CDVStatusBar (pluginName: statusbar) does not exist.
2014-07-16 11:51:31.974 Freshly[24620:70b] [CDVTimer][statusbar] 0.387013ms
2014-07-16 11:51:31.974 Freshly[24620:70b] [CDVTimer][TotalPluginStartup] 1.120985ms
2014-07-16 11:51:32.127 Freshly[24620:70b] Resetting plugins due to page load.
2014-07-16 11:51:32.613 Freshly[24620:70b] Finished load of: file:///Users/jasenlew/Library/Application%20Support/iPhone%20Simulator/7.1/Applications/561A076D-7A6E-412F-A42F-65E53BA048A7/Freshly.app/www/index.html#/app/map
2014-07-16 11:52:55.184 Freshly[24620:70b] Camera.getPicture: source type 1 not available.
2014-07-16 18:36:59.717 Freshly[93703:70b] Multi-tasking -> Device: YES, App: YES
2014-07-16 18:36:59.729 Freshly[93703:70b] Unlimited access to network resources
2014-07-16 18:36:59.896 Freshly[93703:70b] [CDVTimer][keyboard] 0.053048ms
2014-07-16 18:36:59.896 Freshly[93703:70b] CDVPlugin class CDVStatusBar (pluginName: statusbar) does not exist.
2014-07-16 18:36:59.897 Freshly[93703:70b] [CDVTimer][statusbar] 0.392973ms
2014-07-16 18:36:59.897 Freshly[93703:70b] [CDVTimer][TotalPluginStartup] 1.214981ms
2014-07-16 18:36:59.977 Freshly[93703:70b] Resetting plugins due to page load.
2014-07-16 18:37:00.506 Freshly[93703:70b] Finished load of: file:///Users/jasenlew/Library/Application%20Support/iPhone%20Simulator/7.1/Applications/561A076D-7A6E-412F-A42F-65E53BA048A7/Freshly.app/www/index.html#/app/map
2014-07-17 10:35:00.788 Freshly[75650:70b] Multi-tasking -> Device: YES, App: YES
2014-07-17 10:35:00.821 Freshly[75650:70b] Unlimited access to network resources
2014-07-17 10:35:00.974 Freshly[75650:70b] [CDVTimer][keyboard] 0.087976ms
2014-07-17 10:35:00.974 Freshly[75650:70b] CDVPlugin class CDVStatusBar (pluginName: statusbar) does not exist.
2014-07-17 10:35:00.975 Freshly[75650:70b] [CDVTimer][statusbar] 0.554979ms
2014-07-17 10:35:00.975 Freshly[75650:70b] [CDVTimer][TotalPluginStartup] 1.583993ms
2014-07-17 10:35:01.173 Freshly[75650:70b] Resetting plugins due to page load.
2014-07-17 10:35:01.917 Freshly[75650:70b] Finished load of: file:///Users/jasenlew/Library/Application%20Support/iPhone%20Simulator/7.1/Applications/561A076D-7A6E-412F-A42F-65E53BA048A7/Freshly.app/www/index.html#/app/map
2014-07-17 11:31:56.984 Freshly[3862:70b] Multi-tasking -> Device: YES, App: YES
2014-07-17 11:31:56.992 Freshly[3862:70b] Unlimited access to network resources
2014-07-17 11:31:57.007 Freshly[3862:70b] [CDVTimer][keyboard] 0.065982ms
2014-07-17 11:31:57.008 Freshly[3862:70b] CDVPlugin class CDVStatusBar (pluginName: statusbar) does not exist.
2014-07-17 11:31:57.008 Freshly[3862:70b] [CDVTimer][statusbar] 0.319004ms
2014-07-17 11:31:57.008 Freshly[3862:70b] [CDVTimer][TotalPluginStartup] 1.106977ms
2014-07-17 11:31:57.042 Freshly[3862:70b] Resetting plugins due to page load.
2014-07-17 11:31:57.309 Freshly[3862:70b] Finished load of: file:///Users/jasenlew/Library/Application%20Support/iPhone%20Simulator/7.1/Applications/561A076D-7A6E-412F-A42F-65E53BA048A7/Freshly.app/www/index.html#/app/map
Terminating in response to SpringBoard's termination.
2014-07-17 13:14:39.987 Freshly[63318:70b] Multi-tasking -> Device: YES, App: YES
2014-07-17 13:14:40.011 Freshly[63318:70b] Unlimited access to network resources
2014-07-17 13:14:40.102 Freshly[63318:70b] [CDVTimer][keyboard] 0.088990ms
2014-07-17 13:14:40.102 Freshly[63318:70b] CDVPlugin class CDVStatusBar (pluginName: statusbar) does not exist.
2014-07-17 13:14:40.103 Freshly[63318:70b] [CDVTimer][statusbar] 0.340998ms
2014-07-17 13:14:40.103 Freshly[63318:70b] [CDVTimer][TotalPluginStartup] 1.212001ms
2014-07-17 13:14:40.173 Freshly[63318:70b] Resetting plugins due to page load.
2014-07-17 13:14:40.425 Freshly[63318:70b] Finished load of: file:///Users/jasenlew/Library/Application%20Support/iPhone%20Simulator/7.1/Applications/561A076D-7A6E-412F-A42F-65E53BA048A7/Freshly.app/www/index.html#/app/map
Terminating in response to SpringBoard's termination.
2014-07-17 13:26:06.089 Freshly[72213:70b] Multi-tasking -> Device: YES, App: YES
2014-07-17 13:26:06.097 Freshly[72213:70b] Unlimited access to network resources
2014-07-17 13:26:06.115 Freshly[72213:70b] [CDVTimer][keyboard] 0.100970ms
2014-07-17 13:26:06.116 Freshly[72213:70b] CDVPlugin class CDVStatusBar (pluginName: statusbar) does not exist.
2014-07-17 13:26:06.116 Freshly[72213:70b] [CDVTimer][statusbar] 0.325024ms
2014-07-17 13:26:06.116 Freshly[72213:70b] [CDVTimer][TotalPluginStartup] 1.111984ms
2014-07-17 13:26:06.193 Freshly[72213:70b] Resetting plugins due to page load.
2014-07-17 13:26:06.414 Freshly[72213:70b] Finished load of: file:///Users/jasenlew/Library/Application%20Support/iPhone%20Simulator/7.1/Applications/561A076D-7A6E-412F-A42F-65E53BA048A7/Freshly.app/www/index.html#/app/map
2014-07-17 16:51:34.233 Freshly[26782:70b] Multi-tasking -> Device: YES, App: YES
2014-07-17 16:51:34.265 Freshly[26782:70b] Unlimited access to network resources
2014-07-17 16:51:34.458 Freshly[26782:70b] [CDVTimer][keyboard] 0.079036ms
2014-07-17 16:51:34.458 Freshly[26782:70b] CDVPlugin class CDVStatusBar (pluginName: statusbar) does not exist.
2014-07-17 16:51:34.458 Freshly[26782:70b] [CDVTimer][statusbar] 0.369012ms
2014-07-17 16:51:34.459 Freshly[26782:70b] [CDVTimer][TotalPluginStartup] 1.159966ms
2014-07-17 16:51:34.614 Freshly[26782:70b] Resetting plugins due to page load.
2014-07-17 16:51:34.856 Freshly[26782:70b] Finished load of: file:///Users/jasenlew/Library/Application%20Support/iPhone%20Simulator/7.1/Applications/561A076D-7A6E-412F-A42F-65E53BA048A7/Freshly.app/www/index.html#/app/map
Terminating in response to SpringBoard's termination.
2014-07-17 21:53:29.420 Freshly[92418:70b] Multi-tasking -> Device: YES, App: YES
2014-07-17 21:53:29.429 Freshly[92418:70b] Unlimited access to network resources
2014-07-17 21:53:29.589 Freshly[92418:70b] [CDVTimer][keyboard] 0.078022ms
2014-07-17 21:53:29.589 Freshly[92418:70b] CDVPlugin class CDVStatusBar (pluginName: statusbar) does not exist.
2014-07-17 21:53:29.590 Freshly[92418:70b] [CDVTimer][statusbar] 0.416994ms
2014-07-17 21:53:29.590 Freshly[92418:70b] [CDVTimer][TotalPluginStartup] 1.398027ms
2014-07-17 21:53:29.735 Freshly[92418:70b] Resetting plugins due to page load.
2014-07-17 21:53:36.409 Freshly[92418:70b] Finished load of: file:///Users/jasenlew/Library/Application%20Support/iPhone%20Simulator/7.1/Applications/561A076D-7A6E-412F-A42F-65E53BA048A7/Freshly.app/www/index.html#/app/map
objc[9415]: Class AXEmojiUtilities is implemented in both /Applications/Xcode.app/Contents/Developer/Platforms/iPhoneSimulator.platform/Developer/SDKs/iPhoneSimulator7.1.sdk/System/Library/PrivateFrameworks/AccessibilityUtilities.framework/AccessibilityUtilities and /Applications/Xcode.app/Contents/Developer/Platforms/iPhoneSimulator.platform/Developer/SDKs/iPhoneSimulator7.1.sdk/usr/lib/libAXSpeechManager.dylib. One of the two will be used. Which one is undefined.
2014-07-18 14:05:38.336 Freshly[9415:70b] Cannot find executable for CFBundle 0xa4501d0 </Applications/Xcode.app/Contents/Developer/Platforms/iPhoneSimulator.platform/Developer/SDKs/iPhoneSimulator7.1.sdk/System/Library/AccessibilityBundles/CertUIFramework.axbundle> (not loaded)
2014-07-18 14:05:38.343 Freshly[9415:70b] Cannot find executable for CFBundle 0xa23ef20 </Applications/Xcode.app/Contents/Developer/Platforms/iPhoneSimulator.platform/Developer/SDKs/iPhoneSimulator7.1.sdk/System/Library/AccessibilityBundles/GeoServices.axbundle> (not loaded)
2014-07-18 14:05:38.378 Freshly[9415:70b] Multi-tasking -> Device: YES, App: YES
2014-07-18 14:05:38.860 Freshly[9415:70b] Unlimited access to network resources
2014-07-18 14:05:41.412 Freshly[9415:70b] [CDVTimer][keyboard] 0.115037ms
2014-07-18 14:05:41.413 Freshly[9415:70b] CDVPlugin class CDVStatusBar (pluginName: statusbar) does not exist.
2014-07-18 14:05:41.414 Freshly[9415:70b] [CDVTimer][statusbar] 0.469983ms
2014-07-18 14:05:41.414 Freshly[9415:70b] [CDVTimer][TotalPluginStartup] 1.816034ms
2014-07-18 14:05:41.781 Freshly[9415:70b] Resetting plugins due to page load.
2014-07-18 14:05:43.360 Freshly[9415:70b] Finished load of: file:///Users/jakeadams/Library/Application%20Support/iPhone%20Simulator/7.1/Applications/20F41A66-D373-47D9-AF57-3449989142CA/Freshly.app/www/index.html#/app/map
objc[9708]: Class AXEmojiUtilities is implemented in both /Applications/Xcode.app/Contents/Developer/Platforms/iPhoneSimulator.platform/Developer/SDKs/iPhoneSimulator7.1.sdk/System/Library/PrivateFrameworks/AccessibilityUtilities.framework/AccessibilityUtilities and /Applications/Xcode.app/Contents/Developer/Platforms/iPhoneSimulator.platform/Developer/SDKs/iPhoneSimulator7.1.sdk/usr/lib/libAXSpeechManager.dylib. One of the two will be used. Which one is undefined.
2014-07-18 14:07:44.238 Freshly[9708:70b] Cannot find executable for CFBundle 0xa450280 </Applications/Xcode.app/Contents/Developer/Platforms/iPhoneSimulator.platform/Developer/SDKs/iPhoneSimulator7.1.sdk/System/Library/AccessibilityBundles/GeoServices.axbundle> (not loaded)
2014-07-18 14:07:44.277 Freshly[9708:70b] Cannot find executable for CFBundle 0xa2a9140 </Applications/Xcode.app/Contents/Developer/Platforms/iPhoneSimulator.platform/Developer/SDKs/iPhoneSimulator7.1.sdk/System/Library/AccessibilityBundles/CertUIFramework.axbundle> (not loaded)
2014-07-18 14:07:44.441 Freshly[9708:70b] Multi-tasking -> Device: YES, App: YES
2014-07-18 14:07:44.452 Freshly[9708:70b] Unlimited access to network resources
2014-07-18 14:07:44.484 Freshly[9708:70b] [CDVTimer][keyboard] 0.123024ms
2014-07-18 14:07:44.485 Freshly[9708:70b] CDVPlugin class CDVStatusBar (pluginName: statusbar) does not exist.
2014-07-18 14:07:44.488 Freshly[9708:70b] [CDVTimer][statusbar] 2.276957ms
2014-07-18 14:07:44.488 Freshly[9708:70b] [CDVTimer][TotalPluginStartup] 3.894031ms
2014-07-18 14:07:44.748 Freshly[9708:70b] Resetting plugins due to page load.
2014-07-18 14:07:45.755 Freshly[9708:70b] Finished load of: file:///Users/jakeadams/Library/Application%20Support/iPhone%20Simulator/7.1/Applications/20F41A66-D373-47D9-AF57-3449989142CA/Freshly.app/www/index.html#/app/map
objc[10210]: Class AXEmojiUtilities is implemented in both /Applications/Xcode.app/Contents/Developer/Platforms/iPhoneSimulator.platform/Developer/SDKs/iPhoneSimulator7.1.sdk/System/Library/PrivateFrameworks/AccessibilityUtilities.framework/AccessibilityUtilities and /Applications/Xcode.app/Contents/Developer/Platforms/iPhoneSimulator.platform/Developer/SDKs/iPhoneSimulator7.1.sdk/usr/lib/libAXSpeechManager.dylib. One of the two will be used. Which one is undefined.
2014-07-18 15:39:31.546 Freshly[10210:70b] Cannot find executable for CFBundle 0xa5a4730 </Applications/Xcode.app/Contents/Developer/Platforms/iPhoneSimulator.platform/Developer/SDKs/iPhoneSimulator7.1.sdk/System/Library/AccessibilityBundles/CertUIFramework.axbundle> (not loaded)
2014-07-18 15:39:31.584 Freshly[10210:70b] Cannot find executable for CFBundle 0xa5a3110 </Applications/Xcode.app/Contents/Developer/Platforms/iPhoneSimulator.platform/Developer/SDKs/iPhoneSimulator7.1.sdk/System/Library/AccessibilityBundles/GeoServices.axbundle> (not loaded)
2014-07-18 15:39:31.652 Freshly[10210:70b] Multi-tasking -> Device: YES, App: YES
2014-07-18 15:39:31.663 Freshly[10210:70b] Unlimited access to network resources
2014-07-18 15:39:33.783 Freshly[10210:70b] [CDVTimer][keyboard] 0.119984ms
2014-07-18 15:39:33.784 Freshly[10210:70b] CDVPlugin class CDVStatusBar (pluginName: statusbar) does not exist.
2014-07-18 15:39:33.784 Freshly[10210:70b] [CDVTimer][statusbar] 0.627995ms
2014-07-18 15:39:33.785 Freshly[10210:70b] [CDVTimer][TotalPluginStartup] 1.887977ms
2014-07-18 15:39:34.010 Freshly[10210:70b] Resetting plugins due to page load.
2014-07-18 15:39:35.181 Freshly[10210:70b] Finished load of: file:///Users/jakeadams/Library/Application%20Support/iPhone%20Simulator/7.1/Applications/20F41A66-D373-47D9-AF57-3449989142CA/Freshly.app/www/index.html#/app/map
2014-07-21 14:43:56.132 Freshly[16365:70b] Multi-tasking -> Device: YES, App: YES
2014-07-21 14:43:56.152 Freshly[16365:70b] Unlimited access to network resources
2014-07-21 14:43:56.307 Freshly[16365:70b] [CDVTimer][keyboard] 0.054002ms
2014-07-21 14:43:56.307 Freshly[16365:70b] CDVPlugin class CDVStatusBar (pluginName: statusbar) does not exist.
2014-07-21 14:43:56.307 Freshly[16365:70b] [CDVTimer][statusbar] 0.343978ms
2014-07-21 14:43:56.308 Freshly[16365:70b] [CDVTimer][TotalPluginStartup] 1.075029ms
2014-07-21 14:43:56.424 Freshly[16365:70b] Resetting plugins due to page load.
2014-07-21 14:43:56.842 Freshly[16365:70b] Finished load of: file:///Users/jasenlew/Library/Application%20Support/iPhone%20Simulator/7.1/Applications/561A076D-7A6E-412F-A42F-65E53BA048A7/Freshly.app/www/index.html#/app/map
2014-07-23 18:38:12.051 Freshly[92758:70b] Multi-tasking -> Device: YES, App: YES
2014-07-23 18:38:12.081 Freshly[92758:70b] Unlimited access to network resources
2014-07-23 18:38:12.269 Freshly[92758:70b] [CDVTimer][keyboard] 0.055969ms
2014-07-23 18:38:12.269 Freshly[92758:70b] CDVPlugin class CDVStatusBar (pluginName: statusbar) does not exist.
2014-07-23 18:38:12.269 Freshly[92758:70b] [CDVTimer][statusbar] 0.313997ms
2014-07-23 18:38:12.270 Freshly[92758:70b] [CDVTimer][TotalPluginStartup] 1.042962ms
2014-07-23 18:38:12.401 Freshly[92758:70b] Resetting plugins due to page load.
2014-07-23 18:38:12.636 Freshly[92758:70b] Finished load of: file:///Users/jasenlew/Library/Application%20Support/iPhone%20Simulator/7.1/Applications/561A076D-7A6E-412F-A42F-65E53BA048A7/Freshly.app/www/index.html#/app/map
objc[19321]: Class AXEmojiUtilities is implemented in both /Applications/Xcode.app/Contents/Developer/Platforms/iPhoneSimulator.platform/Developer/SDKs/iPhoneSimulator7.1.sdk/System/Library/PrivateFrameworks/AccessibilityUtilities.framework/AccessibilityUtilities and /Applications/Xcode.app/Contents/Developer/Platforms/iPhoneSimulator.platform/Developer/SDKs/iPhoneSimulator7.1.sdk/usr/lib/libAXSpeechManager.dylib. One of the two will be used. Which one is undefined.
2014-07-23 23:54:30.589 Freshly[19321:70b] Cannot find executable for CFBundle 0xa29ec60 </Applications/Xcode.app/Contents/Developer/Platforms/iPhoneSimulator.platform/Developer/SDKs/iPhoneSimulator7.1.sdk/System/Library/AccessibilityBundles/CertUIFramework.axbundle> (not loaded)
2014-07-23 23:54:30.595 Freshly[19321:70b] Cannot find executable for CFBundle 0xa4eb610 </Applications/Xcode.app/Contents/Developer/Platforms/iPhoneSimulator.platform/Developer/SDKs/iPhoneSimulator7.1.sdk/System/Library/AccessibilityBundles/GeoServices.axbundle> (not loaded)
2014-07-23 23:54:30.631 Freshly[19321:70b] Multi-tasking -> Device: YES, App: YES
2014-07-23 23:54:31.062 Freshly[19321:70b] Unlimited access to network resources
2014-07-23 23:54:34.583 Freshly[19321:70b] [CDVTimer][keyboard] 0.114024ms
2014-07-23 23:54:34.584 Freshly[19321:70b] CDVPlugin class CDVStatusBar (pluginName: statusbar) does not exist.
2014-07-23 23:54:34.584 Freshly[19321:70b] [CDVTimer][statusbar] 0.581980ms
2014-07-23 23:54:34.585 Freshly[19321:70b] [CDVTimer][TotalPluginStartup] 1.893997ms
2014-07-23 23:54:35.868 Freshly[19321:70b] Resetting plugins due to page load.
2014-07-23 23:54:40.507 Freshly[19321:70b] Finished load of: file:///Users/jakeadams/Library/Application%20Support/iPhone%20Simulator/7.1/Applications/20F41A66-D373-47D9-AF57-3449989142CA/Freshly.app/www/index.html#/app/map
objc[19593]: Class AXEmojiUtilities is implemented in both /Applications/Xcode.app/Contents/Developer/Platforms/iPhoneSimulator.platform/Developer/SDKs/iPhoneSimulator7.1.sdk/System/Library/PrivateFrameworks/AccessibilityUtilities.framework/AccessibilityUtilities and /Applications/Xcode.app/Contents/Developer/Platforms/iPhoneSimulator.platform/Developer/SDKs/iPhoneSimulator7.1.sdk/usr/lib/libAXSpeechManager.dylib. One of the two will be used. Which one is undefined.
2014-07-23 23:59:18.280 Freshly[19593:70b] Cannot find executable for CFBundle 0xa489480 </Applications/Xcode.app/Contents/Developer/Platforms/iPhoneSimulator.platform/Developer/SDKs/iPhoneSimulator7.1.sdk/System/Library/AccessibilityBundles/GeoServices.axbundle> (not loaded)
2014-07-23 23:59:18.292 Freshly[19593:70b] Cannot find executable for CFBundle 0xa29f100 </Applications/Xcode.app/Contents/Developer/Platforms/iPhoneSimulator.platform/Developer/SDKs/iPhoneSimulator7.1.sdk/System/Library/AccessibilityBundles/CertUIFramework.axbundle> (not loaded)
2014-07-23 23:59:18.432 Freshly[19593:70b] Multi-tasking -> Device: YES, App: YES
2014-07-23 23:59:18.443 Freshly[19593:70b] Unlimited access to network resources
2014-07-23 23:59:18.616 Freshly[19593:70b] [CDVTimer][keyboard] 0.111997ms
2014-07-23 23:59:18.617 Freshly[19593:70b] CDVPlugin class CDVStatusBar (pluginName: statusbar) does not exist.
2014-07-23 23:59:18.617 Freshly[19593:70b] [CDVTimer][statusbar] 0.541985ms
2014-07-23 23:59:18.618 Freshly[19593:70b] [CDVTimer][TotalPluginStartup] 1.837969ms
2014-07-23 23:59:18.921 Freshly[19593:70b] Resetting plugins due to page load.
2014-07-23 23:59:21.955 Freshly[19593:70b] Finished load of: file:///Users/jakeadams/Library/Application%20Support/iPhone%20Simulator/7.1/Applications/20F41A66-D373-47D9-AF57-3449989142CA/Freshly.app/www/index.html#/app/map
objc[19829]: Class AXEmojiUtilities is implemented in both /Applications/Xcode.app/Contents/Developer/Platforms/iPhoneSimulator.platform/Developer/SDKs/iPhoneSimulator7.1.sdk/System/Library/PrivateFrameworks/AccessibilityUtilities.framework/AccessibilityUtilities and /Applications/Xcode.app/Contents/Developer/Platforms/iPhoneSimulator.platform/Developer/SDKs/iPhoneSimulator7.1.sdk/usr/lib/libAXSpeechManager.dylib. One of the two will be used. Which one is undefined.
2014-07-24 00:00:51.674 Freshly[19829:70b] Cannot find executable for CFBundle 0xa493530 </Applications/Xcode.app/Contents/Developer/Platforms/iPhoneSimulator.platform/Developer/SDKs/iPhoneSimulator7.1.sdk/System/Library/AccessibilityBundles/GeoServices.axbundle> (not loaded)
2014-07-24 00:00:51.731 Freshly[19829:70b] Cannot find executable for CFBundle 0xa4beef0 </Applications/Xcode.app/Contents/Developer/Platforms/iPhoneSimulator.platform/Developer/SDKs/iPhoneSimulator7.1.sdk/System/Library/AccessibilityBundles/CertUIFramework.axbundle> (not loaded)
2014-07-24 00:00:52.131 Freshly[19829:70b] Multi-tasking -> Device: YES, App: YES
2014-07-24 00:00:52.139 Freshly[19829:70b] Unlimited access to network resources
2014-07-24 00:00:52.390 Freshly[19829:70b] [CDVTimer][keyboard] 0.077009ms
2014-07-24 00:00:52.391 Freshly[19829:70b] CDVPlugin class CDVStatusBar (pluginName: statusbar) does not exist.
2014-07-24 00:00:52.392 Freshly[19829:70b] [CDVTimer][statusbar] 0.891984ms
2014-07-24 00:00:52.392 Freshly[19829:70b] [CDVTimer][TotalPluginStartup] 2.133012ms
2014-07-24 00:00:53.804 Freshly[19829:70b] Resetting plugins due to page load.
2014-07-24 00:00:55.807 Freshly[19829:70b] Finished load of: file:///Users/jakeadams/Library/Application%20Support/iPhone%20Simulator/7.1/Applications/20F41A66-D373-47D9-AF57-3449989142CA/Freshly.app/www/index.html#/app/map
objc[20672]: Class AXEmojiUtilities is implemented in both /Applications/Xcode.app/Contents/Developer/Platforms/iPhoneSimulator.platform/Developer/SDKs/iPhoneSimulator7.1.sdk/System/Library/PrivateFrameworks/AccessibilityUtilities.framework/AccessibilityUtilities and /Applications/Xcode.app/Contents/Developer/Platforms/iPhoneSimulator.platform/Developer/SDKs/iPhoneSimulator7.1.sdk/usr/lib/libAXSpeechManager.dylib. One of the two will be used. Which one is undefined.
2014-07-24 01:01:22.994 Freshly[20672:70b] Cannot find executable for CFBundle 0xa38b7b0 </Applications/Xcode.app/Contents/Developer/Platforms/iPhoneSimulator.platform/Developer/SDKs/iPhoneSimulator7.1.sdk/System/Library/AccessibilityBundles/CertUIFramework.axbundle> (not loaded)
2014-07-24 01:01:23.002 Freshly[20672:70b] Cannot find executable for CFBundle 0xa3a7510 </Applications/Xcode.app/Contents/Developer/Platforms/iPhoneSimulator.platform/Developer/SDKs/iPhoneSimulator7.1.sdk/System/Library/AccessibilityBundles/GeoServices.axbundle> (not loaded)
2014-07-24 01:01:23.084 Freshly[20672:70b] Multi-tasking -> Device: YES, App: YES
2014-07-24 01:01:23.138 Freshly[20672:70b] Unlimited access to network resources
2014-07-24 01:01:25.249 Freshly[20672:70b] [CDVTimer][keyboard] 0.079989ms
2014-07-24 01:01:25.249 Freshly[20672:70b] CDVPlugin class CDVStatusBar (pluginName: statusbar) does not exist.
2014-07-24 01:01:25.250 Freshly[20672:70b] [CDVTimer][statusbar] 0.445008ms
2014-07-24 01:01:25.250 Freshly[20672:70b] [CDVTimer][TotalPluginStartup] 1.538992ms
2014-07-24 01:01:25.579 Freshly[20672:70b] Resetting plugins due to page load.
objc[20675]: Class AXEmojiUtilities is implemented in both /Applications/Xcode.app/Contents/Developer/Platforms/iPhoneSimulator.platform/Developer/SDKs/iPhoneSimulator7.1.sdk/System/Library/PrivateFrameworks/AccessibilityUtilities.framework/AccessibilityUtilities and /Applications/Xcode.app/Contents/Developer/Platforms/iPhoneSimulator.platform/Developer/SDKs/iPhoneSimulator7.1.sdk/usr/lib/libAXSpeechManager.dylib. One of the two will be used. Which one is undefined.
2014-07-24 01:01:26.447 Freshly[20675:70b] Cannot find executable for CFBundle 0xa3992d0 </Applications/Xcode.app/Contents/Developer/Platforms/iPhoneSimulator.platform/Developer/SDKs/iPhoneSimulator7.1.sdk/System/Library/AccessibilityBundles/CertUIFramework.axbundle> (not loaded)
2014-07-24 01:01:26.454 Freshly[20675:70b] Cannot find executable for CFBundle 0xa4b55e0 </Applications/Xcode.app/Contents/Developer/Platforms/iPhoneSimulator.platform/Developer/SDKs/iPhoneSimulator7.1.sdk/System/Library/AccessibilityBundles/GeoServices.axbundle> (not loaded)
2014-07-24 01:01:26.920 Freshly[20675:70b] Multi-tasking -> Device: YES, App: YES
2014-07-24 01:01:26.930 Freshly[20675:70b] Unlimited access to network resources
2014-07-24 01:01:26.951 Freshly[20675:70b] [CDVTimer][keyboard] 0.072002ms
2014-07-24 01:01:26.952 Freshly[20675:70b] CDVPlugin class CDVStatusBar (pluginName: statusbar) does not exist.
2014-07-24 01:01:26.952 Freshly[20675:70b] [CDVTimer][statusbar] 0.441015ms
2014-07-24 01:01:26.952 Freshly[20675:70b] [CDVTimer][TotalPluginStartup] 1.516998ms
2014-07-24 01:01:27.012 Freshly[20675:70b] Resetting plugins due to page load.
2014-07-24 01:01:27.809 Freshly[20675:70b] Finished load of: file:///Users/jakeadams/Library/Application%20Support/iPhone%20Simulator/7.1/Applications/20F41A66-D373-47D9-AF57-3449989142CA/Freshly.app/www/index.html#/app/map
objc[21129]: Class AXEmojiUtilities is implemented in both /Applications/Xcode.app/Contents/Developer/Platforms/iPhoneSimulator.platform/Developer/SDKs/iPhoneSimulator7.1.sdk/System/Library/PrivateFrameworks/AccessibilityUtilities.framework/AccessibilityUtilities and /Applications/Xcode.app/Contents/Developer/Platforms/iPhoneSimulator.platform/Developer/SDKs/iPhoneSimulator7.1.sdk/usr/lib/libAXSpeechManager.dylib. One of the two will be used. Which one is undefined.
2014-07-24 01:02:12.724 Freshly[21129:70b] Cannot find executable for CFBundle 0xa394e20 </Applications/Xcode.app/Contents/Developer/Platforms/iPhoneSimulator.platform/Developer/SDKs/iPhoneSimulator7.1.sdk/System/Library/AccessibilityBundles/CertUIFramework.axbundle> (not loaded)
2014-07-24 01:02:12.798 Freshly[21129:70b] Cannot find executable for CFBundle 0xa3b0eb0 </Applications/Xcode.app/Contents/Developer/Platforms/iPhoneSimulator.platform/Developer/SDKs/iPhoneSimulator7.1.sdk/System/Library/AccessibilityBundles/GeoServices.axbundle> (not loaded)
2014-07-24 01:02:13.009 Freshly[21129:70b] Multi-tasking -> Device: YES, App: YES
2014-07-24 01:02:13.020 Freshly[21129:70b] Unlimited access to network resources
2014-07-24 01:02:13.050 Freshly[21129:70b] [CDVTimer][keyboard] 0.122964ms
2014-07-24 01:02:13.051 Freshly[21129:70b] CDVPlugin class CDVStatusBar (pluginName: statusbar) does not exist.
2014-07-24 01:02:13.051 Freshly[21129:70b] [CDVTimer][statusbar] 0.666022ms
2014-07-24 01:02:13.052 Freshly[21129:70b] [CDVTimer][TotalPluginStartup] 2.375960ms
2014-07-24 01:02:13.225 Freshly[21129:70b] Resetting plugins due to page load.
2014-07-24 01:02:14.080 Freshly[21129:70b] Finished load of: file:///Users/jakeadams/Library/Application%20Support/iPhone%20Simulator/7.1/Applications/20F41A66-D373-47D9-AF57-3449989142CA/Freshly.app/www/index.html#/app/map
